<?xml version="1.0" encoding="UTF-8"?>
<testsuite name="Matrix" tests="4" skipped="0" failures="0" errors="0" timestamp="2024-01-06T19:02:02" hostname="RAYANE" time="0.841">
  <properties/>
  <testcase name="Determinant" classname="Matrix" time="0.815"/>
  <testcase name="Transpose" classname="Matrix" time="0.012"/>
  <testcase name="Inverse" classname="Matrix" time="0.007"/>
  <testcase name="Cofactor" classname="Matrix" time="0.007"/>
  <system-out><![CDATA[]]></system-out>
  <system-err><![CDATA[]]></system-err>
</testsuite>
