<?xml version="1.0" encoding="UTF-8"?>
<testsuite name="Matrix" tests="4" skipped="0" failures="0" errors="0" timestamp="2022-02-27T18:38:58" hostname="BOUKARILYNA" time="0.422">
  <properties/>
  <testcase name="Determinant" classname="Matrix" time="0.401"/>
  <testcase name="Transpose" classname="Matrix" time="0.009"/>
  <testcase name="Inverse" classname="Matrix" time="0.005"/>
  <testcase name="Cofactor" classname="Matrix" time="0.006"/>
  <system-out><![CDATA[]]></system-out>
  <system-err><![CDATA[]]></system-err>
</testsuite>
