<?xml version="1.0" encoding="UTF-8"?>
<testsuite name="Matrix" tests="4" skipped="0" failures="0" errors="0" timestamp="2024-01-07T13:34:06" hostname="RAYANE" time="0.263">
  <properties/>
  <testcase name="Determinant" classname="Matrix" time="0.253"/>
  <testcase name="Transpose" classname="Matrix" time="0.003"/>
  <testcase name="Inverse" classname="Matrix" time="0.003"/>
  <testcase name="Cofactor" classname="Matrix" time="0.002"/>
  <system-out><![CDATA[]]></system-out>
  <system-err><![CDATA[]]></system-err>
</testsuite>
